[19:48:58] [ServerMain/INFO]: [bootstrap] Running Java 21 (OpenJDK 64-Bit Server VM 21.0.5+11-Ubuntu-1ubuntu120.04; Ubuntu null) on Linux 6.5.0-1025-azure (amd64)
[19:48:58] [ServerMain/INFO]: [bootstrap] Loading Paper 1.21.3-63-master@4190ee7 (2024-11-25T18:59:19Z) for Minecraft 1.21.3
[19:48:59] [ServerMain/INFO]: [PluginInitializerManager] Initializing plugins...
[19:48:59] [ServerMain/INFO]: [PluginInitializerManager] Initialized 1 plugin
[19:48:59] [ServerMain/INFO]: [PluginInitializerManager] Bukkit plugins (1):
 - SkinsRestorer (15.4.4)
[19:49:06] [ServerMain/INFO]: Environment: Environment[sessionHost=https://sessionserver.mojang.com, servicesHost=https://api.minecraftservices.com, name=PROD]
[19:49:08] [ServerMain/INFO]: Loaded 1337 recipes
[19:49:08] [ServerMain/INFO]: Loaded 1448 advancements
[19:49:09] [Server thread/INFO]: Starting minecraft server version 1.21.3
[19:49:09] [Server thread/INFO]: Loading properties
[19:49:09] [Server thread/INFO]: This server is running Paper version 1.21.3-63-master@4190ee7 (2024-11-25T18:59:19Z) (Implementing API version 1.21.3-R0.1-SNAPSHOT)
[19:49:09] [Server thread/INFO]: [spark] This server bundles the spark profiler. For more information please visit https://docs.papermc.io/paper/profiling
[19:49:10] [Server thread/INFO]: Server Ping Player Sample Count: 12
[19:49:10] [Server thread/INFO]: Using 4 threads for Netty based IO
[19:49:11] [Server thread/INFO]: [MoonriseCommon] Paper is using 1 worker threads, 1 I/O threads
[19:49:11] [Server thread/INFO]: [ChunkTaskScheduler] Chunk system is using population gen parallelism: true
[19:49:12] [Server thread/INFO]: Default game type: SURVIVAL
[19:49:12] [Server thread/INFO]: Generating keypair
[19:49:12] [Server thread/INFO]: Starting Minecraft server on *:25565
[19:49:12] [Server thread/INFO]: Using epoll channel type
[19:49:12] [Server thread/INFO]: Paper: Using libdeflate (Linux x86_64) compression from Velocity.
[19:49:12] [Server thread/INFO]: Paper: Using OpenSSL 1.1.x (Linux x86_64) cipher from Velocity.
[19:49:12] [Server thread/INFO]: [SkinsRestorer] Loading server plugin SkinsRestorer v15.4.4
[19:49:12] [Server thread/INFO]: Server permissions file permissions.yml is empty, ignoring it
[19:49:12] [Server thread/INFO]: [SkinsRestorer] Enabling SkinsRestorer v15.4.4
[19:49:14] [Server thread/WARN]: [SkinsRestorer] You must agree to the rules at 'commands.perSkinPermissionsConsent' in the config to use per skin permissions.
[19:49:14] [Server thread/INFO]: [SkinsRestorer] Running on Minecraft 1.21.3.
[19:49:15] [Server thread/INFO]: [SkinsRestorer] Using paper join listener!
[19:49:15] [Server thread/WARN]: **** SERVER IS RUNNING IN OFFLINE/INSECURE MODE!
[19:49:15] [Server thread/WARN]: The server will make no attempt to authenticate usernames. Beware.
[19:49:15] [Server thread/WARN]: While this makes the game possible to play without internet access, it also opens up the ability for hackers to connect with any username they choose.
[19:49:15] [Server thread/WARN]: To change this, set "online-mode" to "true" in the server.properties file.
[19:49:15] [Server thread/INFO]: Preparing level "world"
[19:49:15] [Folia Async Scheduler Thread #1/INFO]: [SkinsRestorer] ----------------------------------------------
[19:49:15] [Folia Async Scheduler Thread #1/INFO]: [SkinsRestorer]     +==================+
[19:49:15] [Folia Async Scheduler Thread #1/INFO]: [SkinsRestorer]     |   SkinsRestorer  |
[19:49:15] [Folia Async Scheduler Thread #1/INFO]: [SkinsRestorer]     |------------------|
[19:49:15] [Folia Async Scheduler Thread #1/INFO]: [SkinsRestorer]     |  Standalone Mode |
[19:49:15] [Folia Async Scheduler Thread #1/INFO]: [SkinsRestorer]     +==================+
[19:49:15] [Folia Async Scheduler Thread #1/INFO]: [SkinsRestorer] ----------------------------------------------
[19:49:15] [Folia Async Scheduler Thread #1/INFO]: [SkinsRestorer]     Version: 15.4.4
[19:49:15] [Folia Async Scheduler Thread #1/INFO]: [SkinsRestorer]     Commit: dc501c7
[19:49:15] [Folia Async Scheduler Thread #1/INFO]: [SkinsRestorer]     This is the latest version!
[19:49:15] [Folia Async Scheduler Thread #1/INFO]: [SkinsRestorer] ----------------------------------------------
[19:49:15] [Folia Async Scheduler Thread #1/INFO]: [SkinsRestorer] Do you have issues? Read our troubleshooting guide: https://skinsrestorer.net/docs/troubleshooting
[19:49:15] [Folia Async Scheduler Thread #1/INFO]: [SkinsRestorer] Want to support SkinsRestorer? Consider donating: https://skinsrestorer.net/donate
[19:49:16] [Server thread/INFO]: Preparing start region for dimension minecraft:overworld
[19:49:16] [Server thread/INFO]: Preparing spawn area: 0%
[19:49:16] [Server thread/INFO]: Preparing spawn area: 2%
[19:49:17] [Paper Common Worker #0/INFO]: [MCTypeRegistry] Initialising converters for DataConverter...
[19:49:17] [Paper Common Worker #0/INFO]: [MCTypeRegistry] Finished initialising converters for DataConverter in 589.9ms
[19:49:17] [Server thread/INFO]: Preparing spawn area: 2%
[19:49:17] [Server thread/INFO]: Preparing spawn area: 2%
[19:49:18] [Server thread/INFO]: Preparing spawn area: 4%
[19:49:18] [Server thread/INFO]: Time elapsed: 2372 ms
[19:49:18] [Server thread/INFO]: Preparing start region for dimension minecraft:the_nether
[19:49:18] [Server thread/INFO]: Preparing spawn area: 0%
[19:49:19] [Server thread/INFO]: Time elapsed: 442 ms
[19:49:19] [Server thread/INFO]: Preparing start region for dimension minecraft:the_end
[19:49:19] [Server thread/INFO]: Preparing spawn area: 0%
[19:49:19] [Server thread/INFO]: Time elapsed: 231 ms
[19:49:19] [Server thread/INFO]: [spark] Starting background profiler...
[19:49:19] [Server thread/INFO]: Done preparing level "world" (4.683s)
[19:49:19] [Server thread/INFO]: Running delayed init tasks
[19:49:19] [Server thread/INFO]: Done (22.447s)! For help, type "help"
